Traceback (most recent call last):
  File "/Users/caballero/anaconda3/envs/teaching/lib/python3.9/site-packages/jupyter_cache/executors/utils.py", line 58, in single_nb_execution
    executenb(
  File "/Users/caballero/anaconda3/envs/teaching/lib/python3.9/site-packages/nbclient/client.py", line 1305, in execute
    return NotebookClient(nb=nb, resources=resources, km=km, **kwargs).execute()
  File "/Users/caballero/anaconda3/envs/teaching/lib/python3.9/site-packages/jupyter_core/utils/__init__.py", line 173, in wrapped
    return loop.run_until_complete(inner)
  File "/Users/caballero/anaconda3/envs/teaching/lib/python3.9/asyncio/base_events.py", line 647, in run_until_complete
    return future.result()
  File "/Users/caballero/anaconda3/envs/teaching/lib/python3.9/site-packages/nbclient/client.py", line 705, in async_execute
    await self.async_execute_cell(
  File "/Users/caballero/anaconda3/envs/teaching/lib/python3.9/site-packages/nbclient/client.py", line 1058, in async_execute_cell
    await self._check_raise_for_error(cell, cell_index, exec_reply)
  File "/Users/caballero/anaconda3/envs/teaching/lib/python3.9/site-packages/nbclient/client.py", line 914, in _check_raise_for_error
    raise CellExecutionError.from_cell_and_msg(cell, exec_reply_content)
nbclient.exceptions.CellExecutionError: An error occurred while executing the following cell:
------------------
plt.figure(figsize=(12, 8))

# Set the seaborn style
sns.set(style="whitegrid")

for trials in trial_sets:
    
    index = trial_sets.index(trials)+1 # Set the subplot index
    n = len(trial_sets) # Set the number of subplots
    rows = int(np.ceil(n/2)) # Set the number of rows
    
    plt.subplot(2, rows, index)
    heads = simulate_flips(trials, flips)
    
    sns.histplot(heads, 
                 bins=np.arange(flips+2)-0.5, 
                 kde=False, stat="density", 
                 label=f'{trials} Trials', 
                 element="step", 
                 color=sns.color_palette()[index - 1],
                 alpha=0.7)
    plt.xlabel('Number of Heads')
    plt.ylabel('Frequency')
    plt.legend()
plt.tight_layout()
------------------


[0;31m---------------------------------------------------------------------------[0m
[0;31mNameError[0m                                 Traceback (most recent call last)
Cell [0;32mIn[7], line 13[0m
[1;32m     10[0m rows [38;5;241m=[39m [38;5;28mint[39m(np[38;5;241m.[39mceil(n[38;5;241m/[39m[38;5;241m2[39m)) [38;5;66;03m# Set the number of rows[39;00m
[1;32m     12[0m plt[38;5;241m.[39msubplot([38;5;241m2[39m, rows, index)
[0;32m---> 13[0m heads [38;5;241m=[39m [43msimulate_flips[49m(trials, flips)
[1;32m     15[0m sns[38;5;241m.[39mhistplot(heads, 
[1;32m     16[0m              bins[38;5;241m=[39mnp[38;5;241m.[39marange(flips[38;5;241m+[39m[38;5;241m2[39m)[38;5;241m-[39m[38;5;241m0.5[39m, 
[1;32m     17[0m              kde[38;5;241m=[39m[38;5;28;01mFalse[39;00m, stat[38;5;241m=[39m[38;5;124m"[39m[38;5;124mdensity[39m[38;5;124m"[39m, 
[0;32m   (...)[0m
[1;32m     20[0m              color[38;5;241m=[39msns[38;5;241m.[39mcolor_palette()[index [38;5;241m-[39m [38;5;241m1[39m],
[1;32m     21[0m              alpha[38;5;241m=[39m[38;5;241m0.7[39m)
[1;32m     22[0m plt[38;5;241m.[39mxlabel([38;5;124m'[39m[38;5;124mNumber of Heads[39m[38;5;124m'[39m)

[0;31mNameError[0m: name 'simulate_flips' is not defined

