Traceback (most recent call last):
  File "/Users/caballero/anaconda3/envs/teaching/lib/python3.9/site-packages/jupyter_cache/executors/utils.py", line 58, in single_nb_execution
    executenb(
  File "/Users/caballero/anaconda3/envs/teaching/lib/python3.9/site-packages/nbclient/client.py", line 1204, in execute
    return NotebookClient(nb=nb, resources=resources, km=km, **kwargs).execute()
  File "/Users/caballero/anaconda3/envs/teaching/lib/python3.9/site-packages/nbclient/util.py", line 84, in wrapped
    return just_run(coro(*args, **kwargs))
  File "/Users/caballero/anaconda3/envs/teaching/lib/python3.9/site-packages/nbclient/util.py", line 62, in just_run
    return loop.run_until_complete(coro)
  File "/Users/caballero/anaconda3/envs/teaching/lib/python3.9/asyncio/base_events.py", line 647, in run_until_complete
    return future.result()
  File "/Users/caballero/anaconda3/envs/teaching/lib/python3.9/site-packages/nbclient/client.py", line 663, in async_execute
    await self.async_execute_cell(
  File "/Users/caballero/anaconda3/envs/teaching/lib/python3.9/site-packages/nbclient/client.py", line 965, in async_execute_cell
    await self._check_raise_for_error(cell, cell_index, exec_reply)
  File "/Users/caballero/anaconda3/envs/teaching/lib/python3.9/site-packages/nbclient/client.py", line 862, in _check_raise_for_error
    raise CellExecutionError.from_cell_and_msg(cell, exec_reply_content)
nbclient.exceptions.CellExecutionError: An error occurred while executing the following cell:
------------------
import numpy as np
import matplotlib.pyplot as plt
from sympy import *
from sympy import Matrix # get symbolic matrix methods
init_printing(use_unicode=True) # make math display good

A = np.array([[-2, 1, 0], [1, -2, 1], [0, 1, -2]]) ## numpy matrix
A_sympy = Matrix(M) ## Take numpy matrix and make it a sympy one

eigenvals, eigenvects = np.linalg.eig(A) # numpy numerical methods
print("numpy eigenvals:",eigenvals)
print("numpy eigenvects:",eigenvects)
print("sympy eigenvals:")
A_sympy.eigenvals() # sympy symbolic methods WARNING: slow for big matrices
------------------

[0;31m---------------------------------------------------------------------------[0m
[0;31mModuleNotFoundError[0m                       Traceback (most recent call last)
Cell [0;32mIn[1], line 3[0m
[1;32m      1[0m [38;5;28;01mimport[39;00m [38;5;21;01mnumpy[39;00m [38;5;28;01mas[39;00m [38;5;21;01mnp[39;00m
[1;32m      2[0m [38;5;28;01mimport[39;00m [38;5;21;01mmatplotlib[39;00m[38;5;21;01m.[39;00m[38;5;21;01mpyplot[39;00m [38;5;28;01mas[39;00m [38;5;21;01mplt[39;00m
[0;32m----> 3[0m [38;5;28;01mfrom[39;00m [38;5;21;01msympy[39;00m [38;5;28;01mimport[39;00m [38;5;241m*[39m
[1;32m      4[0m [38;5;28;01mfrom[39;00m [38;5;21;01msympy[39;00m [38;5;28;01mimport[39;00m Matrix [38;5;66;03m# get symbolic matrix methods[39;00m
[1;32m      5[0m init_printing(use_unicode[38;5;241m=[39m[38;5;28;01mTrue[39;00m) [38;5;66;03m# make math display good[39;00m

[0;31mModuleNotFoundError[0m: No module named 'sympy'
ModuleNotFoundError: No module named 'sympy'

